[debug] [2025-06-21T09:37:23.112Z] ----------------------------------------------------------------------
[debug] [2025-06-21T09:37:23.114Z] Command:       C:\Program Files\nodejs\node.exe C:\Users\tranp\AppData\Roaming\npm\node_modules\firebase-tools\lib\bin\firebase.js deploy --only functions
[debug] [2025-06-21T09:37:23.114Z] CLI Version:   14.8.0
[debug] [2025-06-21T09:37:23.114Z] Platform:      win32
[debug] [2025-06-21T09:37:23.114Z] Node Version:  v22.14.0
[debug] [2025-06-21T09:37:23.115Z] Time:          Sat Jun 21 2025 16:37:23 GMT+0700 (Indochina Time)
[debug] [2025-06-21T09:37:23.115Z] ----------------------------------------------------------------------
[debug] 
[debug] [2025-06-21T09:37:23.258Z] > command requires scopes: ["email","openid","https://www.googleapis.com/auth/cloudplatformprojects.readonly","https://www.googleapis.com/auth/firebase","https://www.googleapis.com/auth/cloud-platform"]
[debug] [2025-06-21T09:37:23.259Z] > authorizing via signed-in user (tranphucquy2002@gmail.com)
[debug] [2025-06-21T09:37:23.259Z] [iam] checking project new1-4bca7 for permissions ["cloudfunctions.functions.create","cloudfunctions.functions.delete","cloudfunctions.functions.get","cloudfunctions.functions.list","cloudfunctions.functions.update","cloudfunctions.operations.get","firebase.projects.get"]
[debug] [2025-06-21T09:37:23.260Z] Checked if tokens are valid: true, expires at: 1750501125836
[debug] [2025-06-21T09:37:23.260Z] Checked if tokens are valid: true, expires at: 1750501125836
[debug] [2025-06-21T09:37:23.261Z] >>> [apiv2][query] POST https://cloudresourcemanager.googleapis.com/v1/projects/new1-4bca7:testIamPermissions [none]
[debug] [2025-06-21T09:37:23.261Z] >>> [apiv2][(partial)header] POST https://cloudresourcemanager.googleapis.com/v1/projects/new1-4bca7:testIamPermissions x-goog-quota-user=projects/new1-4bca7
[debug] [2025-06-21T09:37:23.261Z] >>> [apiv2][body] POST https://cloudresourcemanager.googleapis.com/v1/projects/new1-4bca7:testIamPermissions {"permissions":["cloudfunctions.functions.create","cloudfunctions.functions.delete","cloudfunctions.functions.get","cloudfunctions.functions.list","cloudfunctions.functions.update","cloudfunctions.operations.get","firebase.projects.get"]}
[debug] [2025-06-21T09:37:24.439Z] <<< [apiv2][status] POST https://cloudresourcemanager.googleapis.com/v1/projects/new1-4bca7:testIamPermissions 200
[debug] [2025-06-21T09:37:24.440Z] <<< [apiv2][body] POST https://cloudresourcemanager.googleapis.com/v1/projects/new1-4bca7:testIamPermissions {"permissions":["cloudfunctions.functions.create","cloudfunctions.functions.delete","cloudfunctions.functions.get","cloudfunctions.functions.list","cloudfunctions.functions.update","cloudfunctions.operations.get","firebase.projects.get"]}
[debug] [2025-06-21T09:37:24.440Z] Checked if tokens are valid: true, expires at: 1750501125836
[debug] [2025-06-21T09:37:24.441Z] Checked if tokens are valid: true, expires at: 1750501125836
[debug] [2025-06-21T09:37:24.441Z] >>> [apiv2][query] POST https://iam.googleapis.com/v1/projects/new1-4bca7/serviceAccounts/new1-4bca7@appspot.gserviceaccount.com:testIamPermissions [none]
[debug] [2025-06-21T09:37:24.441Z] >>> [apiv2][body] POST https://iam.googleapis.com/v1/projects/new1-4bca7/serviceAccounts/new1-4bca7@appspot.gserviceaccount.com:testIamPermissions {"permissions":["iam.serviceAccounts.actAs"]}
[debug] [2025-06-21T09:37:25.836Z] <<< [apiv2][status] POST https://iam.googleapis.com/v1/projects/new1-4bca7/serviceAccounts/new1-4bca7@appspot.gserviceaccount.com:testIamPermissions 200
[debug] [2025-06-21T09:37:25.836Z] <<< [apiv2][body] POST https://iam.googleapis.com/v1/projects/new1-4bca7/serviceAccounts/new1-4bca7@appspot.gserviceaccount.com:testIamPermissions {"permissions":["iam.serviceAccounts.actAs"]}
[info] 
[info] === Deploying to 'new1-4bca7'...
[info] 
[info] i  deploying functions 
[info] Running command: npm --prefix "$RESOURCE_DIR" run lint
[info] +  functions: Finished running predeploy script. 
[debug] [2025-06-21T09:37:28.009Z] Checked if tokens are valid: true, expires at: 1750501125836
[debug] [2025-06-21T09:37:28.009Z] Checked if tokens are valid: true, expires at: 1750501125836
[debug] [2025-06-21T09:37:28.009Z] >>> [apiv2][query] GET https://cloudresourcemanager.googleapis.com/v1/projects/new1-4bca7 [none]
[debug] [2025-06-21T09:37:28.285Z] <<< [apiv2][status] GET https://cloudresourcemanager.googleapis.com/v1/projects/new1-4bca7 200
[debug] [2025-06-21T09:37:28.285Z] <<< [apiv2][body] GET https://cloudresourcemanager.googleapis.com/v1/projects/new1-4bca7 {"projectNumber":"961448214099","projectId":"new1-4bca7","lifecycleState":"ACTIVE","name":"FussSpring","labels":{"firebase":"enabled","firebase-core":"disabled"},"createTime":"2025-03-25T03:01:15.577334Z","parent":{"type":"organization","id":"40940492490"}}
[info] i  functions: preparing codebase default for deployment 
[info] i  functions: ensuring required API cloudfunctions.googleapis.com is enabled... 
[info] i  functions: ensuring required API cloudbuild.googleapis.com is enabled... 
[info] i  artifactregistry: ensuring required API artifactregistry.googleapis.com is enabled... 
[debug] [2025-06-21T09:37:28.289Z] Checked if tokens are valid: true, expires at: 1750501125836
[debug] [2025-06-21T09:37:28.289Z] Checked if tokens are valid: true, expires at: 1750501125836
[debug] [2025-06-21T09:37:28.289Z] >>> [apiv2][query] GET https://firebase.googleapis.com/v1beta1/projects/new1-4bca7/adminSdkConfig [none]
[debug] [2025-06-21T09:37:29.253Z] <<< [apiv2][status] GET https://firebase.googleapis.com/v1beta1/projects/new1-4bca7/adminSdkConfig 200
[debug] [2025-06-21T09:37:29.253Z] <<< [apiv2][body] GET https://firebase.googleapis.com/v1beta1/projects/new1-4bca7/adminSdkConfig {"projectId":"new1-4bca7","storageBucket":"new1-4bca7.firebasestorage.app"}
[debug] [2025-06-21T09:37:29.253Z] Checked if tokens are valid: true, expires at: 1750501125836
[debug] [2025-06-21T09:37:29.253Z] Checked if tokens are valid: true, expires at: 1750501125836
[debug] [2025-06-21T09:37:29.253Z] >>> [apiv2][query] GET https://runtimeconfig.googleapis.com/v1beta1/projects/new1-4bca7/configs [none]
[debug] [2025-06-21T09:37:29.641Z] <<< [apiv2][status] GET https://runtimeconfig.googleapis.com/v1beta1/projects/new1-4bca7/configs 200
[debug] [2025-06-21T09:37:29.641Z] <<< [apiv2][body] GET https://runtimeconfig.googleapis.com/v1beta1/projects/new1-4bca7/configs {}
[debug] [2025-06-21T09:37:29.643Z] Validating nodejs source
[warn] !  functions: package.json indicates an outdated version of firebase-functions. Please upgrade using npm install --save firebase-functions@latest in your functions directory. 
[warn] !  functions: Please note that there will be breaking changes when you upgrade. 
[debug] [2025-06-21T09:37:30.362Z] > [functions] package.json contents: {
  "name": "functions",
  "description": "Cloud Functions for Firebase",
  "scripts": {
    "lint": "eslint .",
    "serve": "firebase emulators:start --only functions",
    "shell": "firebase functions:shell",
    "start": "npm run shell",
    "deploy": "firebase deploy --only functions",
    "logs": "firebase functions:log"
  },
  "engines": {
    "node": "20"
  },
  "main": "index.js",
  "dependencies": {
    "firebase-admin": "^12.0.0",
    "firebase-functions": "^4.9.0"
  },
  "devDependencies": {
    "eslint": "^8.15.0",
    "eslint-config-google": "^0.14.0",
    "firebase-functions-test": "^3.1.0"
  },
  "private": true
}
[debug] [2025-06-21T09:37:30.363Z] Building nodejs source
[info] i  functions: Loading and analyzing source code for codebase default to determine what to deploy 
[info] i  functions: You are using a version of firebase-functions SDK (4.9.0) that does not have support for the newest Firebase Extensions features. Please update firebase-functions SDK to >=5.1.0 to use them correctly 
[debug] [2025-06-21T09:37:30.363Z] Could not find functions.yaml. Must use http discovery
[debug] [2025-06-21T09:37:30.369Z] Found firebase-functions binary at 'C:\Users\tranp\source\repos\Tailwind\functions\node_modules\.bin\firebase-functions'
[info] Serving at port 8467

[debug] [2025-06-21T09:37:30.777Z] Got response from /__/functions.yaml {"endpoints":{"updateOverdueLendings":{"platform":"gcfv1","availableMemoryMb":null,"timeoutSeconds":null,"minInstances":null,"maxInstances":null,"ingressSettings":null,"serviceAccountEmail":null,"vpc":null,"scheduleTrigger":{"schedule":"every 1 minutes","retryConfig":{"retryCount":null,"maxDoublings":null,"maxRetryDuration":null,"maxBackoffDuration":null,"minBackoffDuration":null},"timeZone":null},"labels":{},"entryPoint":"updateOverdueLendings"}},"specVersion":"v1alpha1","requiredAPIs":[{"api":"cloudscheduler.googleapis.com","reason":"Needed for scheduled functions."}]}
[info] i  functions: preparing functions directory for uploading... 
[info] i  functions: packaged C:\Users\tranp\source\repos\Tailwind\functions (77.12 KB) for uploading 
[debug] [2025-06-21T09:37:34.858Z] Checked if tokens are valid: true, expires at: 1750501125836
[debug] [2025-06-21T09:37:34.858Z] Checked if tokens are valid: true, expires at: 1750501125836
[debug] [2025-06-21T09:37:34.858Z] >>> [apiv2][query] GET https://cloudfunctions.googleapis.com/v1/projects/new1-4bca7/locations/-/functions [none]
[debug] [2025-06-21T09:37:35.685Z] <<< [apiv2][status] GET https://cloudfunctions.googleapis.com/v1/projects/new1-4bca7/locations/-/functions 200
[debug] [2025-06-21T09:37:35.685Z] <<< [apiv2][body] GET https://cloudfunctions.googleapis.com/v1/projects/new1-4bca7/locations/-/functions {}
[debug] [2025-06-21T09:37:35.685Z] Checked if tokens are valid: true, expires at: 1750501125836
[debug] [2025-06-21T09:37:35.685Z] Checked if tokens are valid: true, expires at: 1750501125836
[debug] [2025-06-21T09:37:35.686Z] >>> [apiv2][query] GET https://cloudfunctions.googleapis.com/v2/projects/new1-4bca7/locations/-/functions filter=environment%3D%22GEN_2%22
[debug] [2025-06-21T09:37:37.300Z] <<< [apiv2][status] GET https://cloudfunctions.googleapis.com/v2/projects/new1-4bca7/locations/-/functions 200
[debug] [2025-06-21T09:37:37.300Z] <<< [apiv2][body] GET https://cloudfunctions.googleapis.com/v2/projects/new1-4bca7/locations/-/functions {}
[info] i  functions: ensuring required API cloudscheduler.googleapis.com is enabled... 
[debug] [2025-06-21T09:37:37.306Z] Checked if tokens are valid: true, expires at: 1750501125836
[debug] [2025-06-21T09:37:37.306Z] Checked if tokens are valid: true, expires at: 1750501125836
[debug] [2025-06-21T09:37:37.306Z] >>> [apiv2][query] GET https://cloudresourcemanager.googleapis.com/v1/projects/new1-4bca7 [none]
[debug] [2025-06-21T09:37:38.461Z] <<< [apiv2][status] GET https://cloudresourcemanager.googleapis.com/v1/projects/new1-4bca7 200
[debug] [2025-06-21T09:37:38.461Z] <<< [apiv2][body] GET https://cloudresourcemanager.googleapis.com/v1/projects/new1-4bca7 {"projectNumber":"961448214099","projectId":"new1-4bca7","lifecycleState":"ACTIVE","name":"FussSpring","labels":{"firebase":"enabled","firebase-core":"disabled"},"createTime":"2025-03-25T03:01:15.577334Z","parent":{"type":"organization","id":"40940492490"}}
[debug] [2025-06-21T09:37:38.463Z] Checked if tokens are valid: true, expires at: 1750501125836
[debug] [2025-06-21T09:37:38.463Z] Checked if tokens are valid: true, expires at: 1750501125836
[debug] [2025-06-21T09:37:38.463Z] >>> [apiv2][query] POST https://cloudfunctions.googleapis.com/v1/projects/new1-4bca7/locations/us-central1/functions:generateUploadUrl [none]
[debug] [2025-06-21T09:37:38.463Z] >>> [apiv2][body] POST https://cloudfunctions.googleapis.com/v1/projects/new1-4bca7/locations/us-central1/functions:generateUploadUrl {}
[debug] [2025-06-21T09:37:39.351Z] <<< [apiv2][status] POST https://cloudfunctions.googleapis.com/v1/projects/new1-4bca7/locations/us-central1/functions:generateUploadUrl 200
[debug] [2025-06-21T09:37:39.351Z] <<< [apiv2][body] POST https://cloudfunctions.googleapis.com/v1/projects/new1-4bca7/locations/us-central1/functions:generateUploadUrl {"uploadUrl":"https://storage.googleapis.com/uploads-649331300755.us-central1.cloudfunctions.appspot.com/6c95c81f-d021-408d-850a-dc7d11e5330d.zip?GoogleAccessId=service-961448214099@gcf-admin-robot.iam.gserviceaccount.com&Expires=1750500460&Signature=BC4TP45wa3WQbvtIZh%2FQTHbMSMZnysMTdeEfhPz4wBMS%2FSiKzLKcQQPCQlIrtk7Sx5%2BVoWXEol4BofCzgPsCWZhP3m71N56sbu719RC8E3CgyoFNdTDOilmScBgBqBoH1nSG%2B95pavLWtVGA%2B1gipFQx4z3eObz%2FGEWF5lGw%2FYJFkZD2ft318lZpwpqNO4DtaukOdiTpKp9d8MR3Z4ENOt9hSBwyiw5dnZxZrE6kehQ4BhWH2xDej9C1TilJAGiKUpnif30QcYmBIVz06l3xyyfVCL6NGrMaOb5xlGokNKDMl9bd%2FzTUuARu%2BPEihRURulcXOJ2Igga9Y6w5LR0I0w%3D%3D"}
[debug] [2025-06-21T09:37:39.352Z] >>> [apiv2][query] PUT https://storage.googleapis.com/uploads-649331300755.us-central1.cloudfunctions.appspot.com/6c95c81f-d021-408d-850a-dc7d11e5330d.zip GoogleAccessId=service-961448214099%40gcf-admin-robot.iam.gserviceaccount.com&Expires=1750500460&Signature=BC4TP45wa3WQbvtIZh%2FQTHbMSMZnysMTdeEfhPz4wBMS%2FSiKzLKcQQPCQlIrtk7Sx5%2BVoWXEol4BofCzgPsCWZhP3m71N56sbu719RC8E3CgyoFNdTDOilmScBgBqBoH1nSG%2B95pavLWtVGA%2B1gipFQx4z3eObz%2FGEWF5lGw%2FYJFkZD2ft318lZpwpqNO4DtaukOdiTpKp9d8MR3Z4ENOt9hSBwyiw5dnZxZrE6kehQ4BhWH2xDej9C1TilJAGiKUpnif30QcYmBIVz06l3xyyfVCL6NGrMaOb5xlGokNKDMl9bd%2FzTUuARu%2BPEihRURulcXOJ2Igga9Y6w5LR0I0w%3D%3D
[debug] [2025-06-21T09:37:39.352Z] >>> [apiv2][body] PUT https://storage.googleapis.com/uploads-649331300755.us-central1.cloudfunctions.appspot.com/6c95c81f-d021-408d-850a-dc7d11e5330d.zip [stream]
[debug] [2025-06-21T09:37:41.205Z] <<< [apiv2][status] PUT https://storage.googleapis.com/uploads-649331300755.us-central1.cloudfunctions.appspot.com/6c95c81f-d021-408d-850a-dc7d11e5330d.zip 200
[debug] [2025-06-21T09:37:41.206Z] <<< [apiv2][body] PUT https://storage.googleapis.com/uploads-649331300755.us-central1.cloudfunctions.appspot.com/6c95c81f-d021-408d-850a-dc7d11e5330d.zip [omitted]
[info] +  functions: functions folder uploaded successfully 
[info] i  functions: creating Node.js 20 (1st Gen) function updateOverdueLendings(us-central1)... 
[debug] [2025-06-21T09:37:41.212Z] Checked if tokens are valid: true, expires at: 1750501125836
[debug] [2025-06-21T09:37:41.212Z] Checked if tokens are valid: true, expires at: 1750501125836
[debug] [2025-06-21T09:37:41.212Z] >>> [apiv2][query] POST https://cloudfunctions.googleapis.com/v1/projects/new1-4bca7/locations/us-central1/functions [none]
[debug] [2025-06-21T09:37:41.212Z] >>> [apiv2][body] POST https://cloudfunctions.googleapis.com/v1/projects/new1-4bca7/locations/us-central1/functions {"name":"projects/new1-4bca7/locations/us-central1/functions/updateOverdueLendings","sourceUploadUrl":"https://storage.googleapis.com/uploads-649331300755.us-central1.cloudfunctions.appspot.com/6c95c81f-d021-408d-850a-dc7d11e5330d.zip?GoogleAccessId=service-961448214099@gcf-admin-robot.iam.gserviceaccount.com&Expires=1750500460&Signature=BC4TP45wa3WQbvtIZh%2FQTHbMSMZnysMTdeEfhPz4wBMS%2FSiKzLKcQQPCQlIrtk7Sx5%2BVoWXEol4BofCzgPsCWZhP3m71N56sbu719RC8E3CgyoFNdTDOilmScBgBqBoH1nSG%2B95pavLWtVGA%2B1gipFQx4z3eObz%2FGEWF5lGw%2FYJFkZD2ft318lZpwpqNO4DtaukOdiTpKp9d8MR3Z4ENOt9hSBwyiw5dnZxZrE6kehQ4BhWH2xDej9C1TilJAGiKUpnif30QcYmBIVz06l3xyyfVCL6NGrMaOb5xlGokNKDMl9bd%2FzTUuARu%2BPEihRURulcXOJ2Igga9Y6w5LR0I0w%3D%3D","entryPoint":"updateOverdueLendings","runtime":"nodejs20","dockerRegistry":"ARTIFACT_REGISTRY","labels":{"deployment-tool":"cli-firebase","deployment-scheduled":"true","firebase-functions-hash":"817fb8e8a54f6ca348e77161ec10fe47855b6ccd"},"eventTrigger":{"eventType":"google.pubsub.topic.publish","resource":"projects/new1-4bca7/topics/firebase-schedule-updateOverdueLendings-us-central1"},"minInstances":null,"maxInstances":null,"ingressSettings":null,"environmentVariables":{"FIREBASE_CONFIG":"{\"projectId\":\"new1-4bca7\",\"storageBucket\":\"new1-4bca7.firebasestorage.app\"}","GCLOUD_PROJECT":"new1-4bca7","EVENTARC_CLOUD_EVENT_SOURCE":"projects/new1-4bca7/locations/us-central1/functions/updateOverdueLendings"},"serviceAccountEmail":null,"availableMemoryMb":null,"timeout":null,"vpcConnector":null,"vpcConnectorEgressSettings":null,"buildEnvironmentVariables":{"GOOGLE_NODE_RUN_SCRIPTS":""}}
[debug] [2025-06-21T09:37:42.258Z] <<< [apiv2][status] POST https://cloudfunctions.googleapis.com/v1/projects/new1-4bca7/locations/us-central1/functions 200
[debug] [2025-06-21T09:37:42.258Z] <<< [apiv2][body] POST https://cloudfunctions.googleapis.com/v1/projects/new1-4bca7/locations/us-central1/functions {"name":"operations/cHJvamVjdHMvbmV3MS00YmNhNy9sb2NhdGlvbnMvdXMtY2VudHJhbDEvb3BlcmF0aW9ucy9vcGVyYXRpb24tMTc1MDQ5ODY2MjUwOS02MzgxMWJhZjU2YmQ5LTViNzUyYjQyLWExMWY4ZjZj","metadata":{"@type":"type.googleapis.com/google.cloud.functions.v1.OperationMetadataV1","target":"projects/new1-4bca7/locations/us-central1/functions/updateOverdueLendings","updateTime":"2025-06-21T09:37:43.077896978Z"}}
[debug] [2025-06-21T09:37:42.259Z] Checked if tokens are valid: true, expires at: 1750501125836
[debug] [2025-06-21T09:37:42.259Z] Checked if tokens are valid: true, expires at: 1750501125836
[debug] [2025-06-21T09:37:42.259Z] >>> [apiv2][query] GET https://cloudfunctions.googleapis.com/v1/operations/cHJvamVjdHMvbmV3MS00YmNhNy9sb2NhdGlvbnMvdXMtY2VudHJhbDEvb3BlcmF0aW9ucy9vcGVyYXRpb24tMTc1MDQ5ODY2MjUwOS02MzgxMWJhZjU2YmQ5LTViNzUyYjQyLWExMWY4ZjZj [none]
[debug] [2025-06-21T09:37:42.679Z] <<< [apiv2][status] GET https://cloudfunctions.googleapis.com/v1/operations/cHJvamVjdHMvbmV3MS00YmNhNy9sb2NhdGlvbnMvdXMtY2VudHJhbDEvb3BlcmF0aW9ucy9vcGVyYXRpb24tMTc1MDQ5ODY2MjUwOS02MzgxMWJhZjU2YmQ5LTViNzUyYjQyLWExMWY4ZjZj 200
[debug] [2025-06-21T09:37:42.679Z] <<< [apiv2][body] GET https://cloudfunctions.googleapis.com/v1/operations/cHJvamVjdHMvbmV3MS00YmNhNy9sb2NhdGlvbnMvdXMtY2VudHJhbDEvb3BlcmF0aW9ucy9vcGVyYXRpb24tMTc1MDQ5ODY2MjUwOS02MzgxMWJhZjU2YmQ5LTViNzUyYjQyLWExMWY4ZjZj {"name":"operations/cHJvamVjdHMvbmV3MS00YmNhNy9sb2NhdGlvbnMvdXMtY2VudHJhbDEvb3BlcmF0aW9ucy9vcGVyYXRpb24tMTc1MDQ5ODY2MjUwOS02MzgxMWJhZjU2YmQ5LTViNzUyYjQyLWExMWY4ZjZj","metadata":{"@type":"type.googleapis.com/google.cloud.functions.v1.OperationMetadataV1","target":"projects/new1-4bca7/locations/us-central1/functions/updateOverdueLendings","updateTime":"2025-06-21T09:37:43.077896978Z"}}
[debug] [2025-06-21T09:37:43.195Z] [create-default-us-central1-updateOverdueLendings] Retrying task index 0
[debug] [2025-06-21T09:37:43.195Z] Checked if tokens are valid: true, expires at: 1750501125836
[debug] [2025-06-21T09:37:43.195Z] Checked if tokens are valid: true, expires at: 1750501125836
[debug] [2025-06-21T09:37:43.195Z] >>> [apiv2][query] GET https://cloudfunctions.googleapis.com/v1/operations/cHJvamVjdHMvbmV3MS00YmNhNy9sb2NhdGlvbnMvdXMtY2VudHJhbDEvb3BlcmF0aW9ucy9vcGVyYXRpb24tMTc1MDQ5ODY2MjUwOS02MzgxMWJhZjU2YmQ5LTViNzUyYjQyLWExMWY4ZjZj [none]
[debug] [2025-06-21T09:37:43.569Z] <<< [apiv2][status] GET https://cloudfunctions.googleapis.com/v1/operations/cHJvamVjdHMvbmV3MS00YmNhNy9sb2NhdGlvbnMvdXMtY2VudHJhbDEvb3BlcmF0aW9ucy9vcGVyYXRpb24tMTc1MDQ5ODY2MjUwOS02MzgxMWJhZjU2YmQ5LTViNzUyYjQyLWExMWY4ZjZj 200
[debug] [2025-06-21T09:37:43.569Z] <<< [apiv2][body] GET https://cloudfunctions.googleapis.com/v1/operations/cHJvamVjdHMvbmV3MS00YmNhNy9sb2NhdGlvbnMvdXMtY2VudHJhbDEvb3BlcmF0aW9ucy9vcGVyYXRpb24tMTc1MDQ5ODY2MjUwOS02MzgxMWJhZjU2YmQ5LTViNzUyYjQyLWExMWY4ZjZj {"name":"operations/cHJvamVjdHMvbmV3MS00YmNhNy9sb2NhdGlvbnMvdXMtY2VudHJhbDEvb3BlcmF0aW9ucy9vcGVyYXRpb24tMTc1MDQ5ODY2MjUwOS02MzgxMWJhZjU2YmQ5LTViNzUyYjQyLWExMWY4ZjZj","metadata":{"@type":"type.googleapis.com/google.cloud.functions.v1.OperationMetadataV1","target":"projects/new1-4bca7/locations/us-central1/functions/updateOverdueLendings","type":"CREATE_FUNCTION","request":{"@type":"type.googleapis.com/google.cloud.functions.v1.CloudFunction","name":"projects/new1-4bca7/locations/us-central1/functions/updateOverdueLendings","eventTrigger":{"eventType":"google.pubsub.topic.publish","resource":"projects/new1-4bca7/topics/firebase-schedule-updateOverdueLendings-us-central1","failurePolicy":{}},"entryPoint":"updateOverdueLendings","updateTime":"1970-01-01T00:00:00Z","labels":{"deployment-tool":"cli-firebase","deployment-scheduled":"true","firebase-functions-hash":"817fb8e8a54f6ca348e77161ec10fe47855b6ccd"},"sourceUploadUrl":"https://storage.googleapis.com/uploads-649331300755.us-central1.cloudfunctions.appspot.com/6c95c81f-d021-408d-850a-dc7d11e5330d.zip?GoogleAccessId=service-961448214099@gcf-admin-robot.iam.gserviceaccount.com&Expires=1750500460&Signature=BC4TP45wa3WQbvtIZh%2FQTHbMSMZnysMTdeEfhPz4wBMS%2FSiKzLKcQQPCQlIrtk7Sx5%2BVoWXEol4BofCzgPsCWZhP3m71N56sbu719RC8E3CgyoFNdTDOilmScBgBqBoH1nSG%2B95pavLWtVGA%2B1gipFQx4z3eObz%2FGEWF5lGw%2FYJFkZD2ft318lZpwpqNO4DtaukOdiTpKp9d8MR3Z4ENOt9hSBwyiw5dnZxZrE6kehQ4BhWH2xDej9C1TilJAGiKUpnif30QcYmBIVz06l3xyyfVCL6NGrMaOb5xlGokNKDMl9bd%2FzTUuARu%2BPEihRURulcXOJ2Igga9Y6w5LR0I0w%3D%3D","environmentVariables":{"FIREBASE_CONFIG":"{\"projectId\":\"new1-4bca7\",\"storageBucket\":\"new1-4bca7.firebasestorage.app\"}","GCLOUD_PROJECT":"new1-4bca7","EVENTARC_CLOUD_EVENT_SOURCE":"projects/new1-4bca7/locations/us-central1/functions/updateOverdueLendings"},"runtime":"nodejs20","buildEnvironmentVariables":{"GOOGLE_NODE_RUN_SCRIPTS":""},"dockerRegistry":"ARTIFACT_REGISTRY"},"versionId":"1","updateTime":"2025-06-21T09:37:43.077896978Z"}}
[debug] [2025-06-21T09:37:44.571Z] [create-default-us-central1-updateOverdueLendings] Retrying task index 0
[debug] [2025-06-21T09:37:44.572Z] Checked if tokens are valid: true, expires at: 1750501125836
[debug] [2025-06-21T09:37:44.572Z] Checked if tokens are valid: true, expires at: 1750501125836
[debug] [2025-06-21T09:37:44.572Z] >>> [apiv2][query] GET https://cloudfunctions.googleapis.com/v1/operations/cHJvamVjdHMvbmV3MS00YmNhNy9sb2NhdGlvbnMvdXMtY2VudHJhbDEvb3BlcmF0aW9ucy9vcGVyYXRpb24tMTc1MDQ5ODY2MjUwOS02MzgxMWJhZjU2YmQ5LTViNzUyYjQyLWExMWY4ZjZj [none]
[debug] [2025-06-21T09:37:44.959Z] <<< [apiv2][status] GET https://cloudfunctions.googleapis.com/v1/operations/cHJvamVjdHMvbmV3MS00YmNhNy9sb2NhdGlvbnMvdXMtY2VudHJhbDEvb3BlcmF0aW9ucy9vcGVyYXRpb24tMTc1MDQ5ODY2MjUwOS02MzgxMWJhZjU2YmQ5LTViNzUyYjQyLWExMWY4ZjZj 200
[debug] [2025-06-21T09:37:44.959Z] <<< [apiv2][body] GET https://cloudfunctions.googleapis.com/v1/operations/cHJvamVjdHMvbmV3MS00YmNhNy9sb2NhdGlvbnMvdXMtY2VudHJhbDEvb3BlcmF0aW9ucy9vcGVyYXRpb24tMTc1MDQ5ODY2MjUwOS02MzgxMWJhZjU2YmQ5LTViNzUyYjQyLWExMWY4ZjZj {"name":"operations/cHJvamVjdHMvbmV3MS00YmNhNy9sb2NhdGlvbnMvdXMtY2VudHJhbDEvb3BlcmF0aW9ucy9vcGVyYXRpb24tMTc1MDQ5ODY2MjUwOS02MzgxMWJhZjU2YmQ5LTViNzUyYjQyLWExMWY4ZjZj","metadata":{"@type":"type.googleapis.com/google.cloud.functions.v1.OperationMetadataV1","target":"projects/new1-4bca7/locations/us-central1/functions/updateOverdueLendings","type":"CREATE_FUNCTION","request":{"@type":"type.googleapis.com/google.cloud.functions.v1.CloudFunction","name":"projects/new1-4bca7/locations/us-central1/functions/updateOverdueLendings","eventTrigger":{"eventType":"google.pubsub.topic.publish","resource":"projects/new1-4bca7/topics/firebase-schedule-updateOverdueLendings-us-central1","failurePolicy":{}},"entryPoint":"updateOverdueLendings","updateTime":"1970-01-01T00:00:00Z","labels":{"deployment-tool":"cli-firebase","deployment-scheduled":"true","firebase-functions-hash":"817fb8e8a54f6ca348e77161ec10fe47855b6ccd"},"sourceUploadUrl":"https://storage.googleapis.com/uploads-649331300755.us-central1.cloudfunctions.appspot.com/6c95c81f-d021-408d-850a-dc7d11e5330d.zip?GoogleAccessId=service-961448214099@gcf-admin-robot.iam.gserviceaccount.com&Expires=1750500460&Signature=BC4TP45wa3WQbvtIZh%2FQTHbMSMZnysMTdeEfhPz4wBMS%2FSiKzLKcQQPCQlIrtk7Sx5%2BVoWXEol4BofCzgPsCWZhP3m71N56sbu719RC8E3CgyoFNdTDOilmScBgBqBoH1nSG%2B95pavLWtVGA%2B1gipFQx4z3eObz%2FGEWF5lGw%2FYJFkZD2ft318lZpwpqNO4DtaukOdiTpKp9d8MR3Z4ENOt9hSBwyiw5dnZxZrE6kehQ4BhWH2xDej9C1TilJAGiKUpnif30QcYmBIVz06l3xyyfVCL6NGrMaOb5xlGokNKDMl9bd%2FzTUuARu%2BPEihRURulcXOJ2Igga9Y6w5LR0I0w%3D%3D","environmentVariables":{"FIREBASE_CONFIG":"{\"projectId\":\"new1-4bca7\",\"storageBucket\":\"new1-4bca7.firebasestorage.app\"}","GCLOUD_PROJECT":"new1-4bca7","EVENTARC_CLOUD_EVENT_SOURCE":"projects/new1-4bca7/locations/us-central1/functions/updateOverdueLendings"},"runtime":"nodejs20","buildEnvironmentVariables":{"GOOGLE_NODE_RUN_SCRIPTS":""},"dockerRegistry":"ARTIFACT_REGISTRY"},"versionId":"1","updateTime":"2025-06-21T09:37:43.077896978Z"}}
[debug] [2025-06-21T09:37:46.965Z] [create-default-us-central1-updateOverdueLendings] Retrying task index 0
[debug] [2025-06-21T09:37:46.966Z] Checked if tokens are valid: true, expires at: 1750501125836
[debug] [2025-06-21T09:37:46.966Z] Checked if tokens are valid: true, expires at: 1750501125836
[debug] [2025-06-21T09:37:46.966Z] >>> [apiv2][query] GET https://cloudfunctions.googleapis.com/v1/operations/cHJvamVjdHMvbmV3MS00YmNhNy9sb2NhdGlvbnMvdXMtY2VudHJhbDEvb3BlcmF0aW9ucy9vcGVyYXRpb24tMTc1MDQ5ODY2MjUwOS02MzgxMWJhZjU2YmQ5LTViNzUyYjQyLWExMWY4ZjZj [none]
[debug] [2025-06-21T09:37:47.360Z] <<< [apiv2][status] GET https://cloudfunctions.googleapis.com/v1/operations/cHJvamVjdHMvbmV3MS00YmNhNy9sb2NhdGlvbnMvdXMtY2VudHJhbDEvb3BlcmF0aW9ucy9vcGVyYXRpb24tMTc1MDQ5ODY2MjUwOS02MzgxMWJhZjU2YmQ5LTViNzUyYjQyLWExMWY4ZjZj 200
[debug] [2025-06-21T09:37:47.360Z] <<< [apiv2][body] GET https://cloudfunctions.googleapis.com/v1/operations/cHJvamVjdHMvbmV3MS00YmNhNy9sb2NhdGlvbnMvdXMtY2VudHJhbDEvb3BlcmF0aW9ucy9vcGVyYXRpb24tMTc1MDQ5ODY2MjUwOS02MzgxMWJhZjU2YmQ5LTViNzUyYjQyLWExMWY4ZjZj {"name":"operations/cHJvamVjdHMvbmV3MS00YmNhNy9sb2NhdGlvbnMvdXMtY2VudHJhbDEvb3BlcmF0aW9ucy9vcGVyYXRpb24tMTc1MDQ5ODY2MjUwOS02MzgxMWJhZjU2YmQ5LTViNzUyYjQyLWExMWY4ZjZj","metadata":{"@type":"type.googleapis.com/google.cloud.functions.v1.OperationMetadataV1","target":"projects/new1-4bca7/locations/us-central1/functions/updateOverdueLendings","type":"CREATE_FUNCTION","request":{"@type":"type.googleapis.com/google.cloud.functions.v1.CloudFunction","name":"projects/new1-4bca7/locations/us-central1/functions/updateOverdueLendings","eventTrigger":{"eventType":"google.pubsub.topic.publish","resource":"projects/new1-4bca7/topics/firebase-schedule-updateOverdueLendings-us-central1","failurePolicy":{}},"entryPoint":"updateOverdueLendings","updateTime":"1970-01-01T00:00:00Z","labels":{"deployment-tool":"cli-firebase","deployment-scheduled":"true","firebase-functions-hash":"817fb8e8a54f6ca348e77161ec10fe47855b6ccd"},"sourceUploadUrl":"https://storage.googleapis.com/uploads-649331300755.us-central1.cloudfunctions.appspot.com/6c95c81f-d021-408d-850a-dc7d11e5330d.zip?GoogleAccessId=service-961448214099@gcf-admin-robot.iam.gserviceaccount.com&Expires=1750500460&Signature=BC4TP45wa3WQbvtIZh%2FQTHbMSMZnysMTdeEfhPz4wBMS%2FSiKzLKcQQPCQlIrtk7Sx5%2BVoWXEol4BofCzgPsCWZhP3m71N56sbu719RC8E3CgyoFNdTDOilmScBgBqBoH1nSG%2B95pavLWtVGA%2B1gipFQx4z3eObz%2FGEWF5lGw%2FYJFkZD2ft318lZpwpqNO4DtaukOdiTpKp9d8MR3Z4ENOt9hSBwyiw5dnZxZrE6kehQ4BhWH2xDej9C1TilJAGiKUpnif30QcYmBIVz06l3xyyfVCL6NGrMaOb5xlGokNKDMl9bd%2FzTUuARu%2BPEihRURulcXOJ2Igga9Y6w5LR0I0w%3D%3D","environmentVariables":{"FIREBASE_CONFIG":"{\"projectId\":\"new1-4bca7\",\"storageBucket\":\"new1-4bca7.firebasestorage.app\"}","GCLOUD_PROJECT":"new1-4bca7","EVENTARC_CLOUD_EVENT_SOURCE":"projects/new1-4bca7/locations/us-central1/functions/updateOverdueLendings"},"runtime":"nodejs20","buildEnvironmentVariables":{"GOOGLE_NODE_RUN_SCRIPTS":""},"dockerRegistry":"ARTIFACT_REGISTRY"},"versionId":"1","updateTime":"2025-06-21T09:37:43.077896978Z"}}
[debug] [2025-06-21T09:37:51.367Z] [create-default-us-central1-updateOverdueLendings] Retrying task index 0
[debug] [2025-06-21T09:37:51.367Z] Checked if tokens are valid: true, expires at: 1750501125836
[debug] [2025-06-21T09:37:51.367Z] Checked if tokens are valid: true, expires at: 1750501125836
[debug] [2025-06-21T09:37:51.367Z] >>> [apiv2][query] GET https://cloudfunctions.googleapis.com/v1/operations/cHJvamVjdHMvbmV3MS00YmNhNy9sb2NhdGlvbnMvdXMtY2VudHJhbDEvb3BlcmF0aW9ucy9vcGVyYXRpb24tMTc1MDQ5ODY2MjUwOS02MzgxMWJhZjU2YmQ5LTViNzUyYjQyLWExMWY4ZjZj [none]
[debug] [2025-06-21T09:37:51.740Z] <<< [apiv2][status] GET https://cloudfunctions.googleapis.com/v1/operations/cHJvamVjdHMvbmV3MS00YmNhNy9sb2NhdGlvbnMvdXMtY2VudHJhbDEvb3BlcmF0aW9ucy9vcGVyYXRpb24tMTc1MDQ5ODY2MjUwOS02MzgxMWJhZjU2YmQ5LTViNzUyYjQyLWExMWY4ZjZj 200
[debug] [2025-06-21T09:37:51.740Z] <<< [apiv2][body] GET https://cloudfunctions.googleapis.com/v1/operations/cHJvamVjdHMvbmV3MS00YmNhNy9sb2NhdGlvbnMvdXMtY2VudHJhbDEvb3BlcmF0aW9ucy9vcGVyYXRpb24tMTc1MDQ5ODY2MjUwOS02MzgxMWJhZjU2YmQ5LTViNzUyYjQyLWExMWY4ZjZj {"name":"operations/cHJvamVjdHMvbmV3MS00YmNhNy9sb2NhdGlvbnMvdXMtY2VudHJhbDEvb3BlcmF0aW9ucy9vcGVyYXRpb24tMTc1MDQ5ODY2MjUwOS02MzgxMWJhZjU2YmQ5LTViNzUyYjQyLWExMWY4ZjZj","metadata":{"@type":"type.googleapis.com/google.cloud.functions.v1.OperationMetadataV1","target":"projects/new1-4bca7/locations/us-central1/functions/updateOverdueLendings","type":"CREATE_FUNCTION","request":{"@type":"type.googleapis.com/google.cloud.functions.v1.CloudFunction","name":"projects/new1-4bca7/locations/us-central1/functions/updateOverdueLendings","eventTrigger":{"eventType":"google.pubsub.topic.publish","resource":"projects/new1-4bca7/topics/firebase-schedule-updateOverdueLendings-us-central1","failurePolicy":{}},"entryPoint":"updateOverdueLendings","updateTime":"1970-01-01T00:00:00Z","labels":{"deployment-tool":"cli-firebase","deployment-scheduled":"true","firebase-functions-hash":"817fb8e8a54f6ca348e77161ec10fe47855b6ccd"},"sourceUploadUrl":"https://storage.googleapis.com/uploads-649331300755.us-central1.cloudfunctions.appspot.com/6c95c81f-d021-408d-850a-dc7d11e5330d.zip?GoogleAccessId=service-961448214099@gcf-admin-robot.iam.gserviceaccount.com&Expires=1750500460&Signature=BC4TP45wa3WQbvtIZh%2FQTHbMSMZnysMTdeEfhPz4wBMS%2FSiKzLKcQQPCQlIrtk7Sx5%2BVoWXEol4BofCzgPsCWZhP3m71N56sbu719RC8E3CgyoFNdTDOilmScBgBqBoH1nSG%2B95pavLWtVGA%2B1gipFQx4z3eObz%2FGEWF5lGw%2FYJFkZD2ft318lZpwpqNO4DtaukOdiTpKp9d8MR3Z4ENOt9hSBwyiw5dnZxZrE6kehQ4BhWH2xDej9C1TilJAGiKUpnif30QcYmBIVz06l3xyyfVCL6NGrMaOb5xlGokNKDMl9bd%2FzTUuARu%2BPEihRURulcXOJ2Igga9Y6w5LR0I0w%3D%3D","environmentVariables":{"FIREBASE_CONFIG":"{\"projectId\":\"new1-4bca7\",\"storageBucket\":\"new1-4bca7.firebasestorage.app\"}","GCLOUD_PROJECT":"new1-4bca7","EVENTARC_CLOUD_EVENT_SOURCE":"projects/new1-4bca7/locations/us-central1/functions/updateOverdueLendings"},"runtime":"nodejs20","buildEnvironmentVariables":{"GOOGLE_NODE_RUN_SCRIPTS":""},"dockerRegistry":"ARTIFACT_REGISTRY"},"versionId":"1","updateTime":"2025-06-21T09:37:43.077896978Z"}}
[debug] [2025-06-21T09:37:59.744Z] [create-default-us-central1-updateOverdueLendings] Retrying task index 0
[debug] [2025-06-21T09:37:59.745Z] Checked if tokens are valid: true, expires at: 1750501125836
[debug] [2025-06-21T09:37:59.745Z] Checked if tokens are valid: true, expires at: 1750501125836
[debug] [2025-06-21T09:37:59.745Z] >>> [apiv2][query] GET https://cloudfunctions.googleapis.com/v1/operations/cHJvamVjdHMvbmV3MS00YmNhNy9sb2NhdGlvbnMvdXMtY2VudHJhbDEvb3BlcmF0aW9ucy9vcGVyYXRpb24tMTc1MDQ5ODY2MjUwOS02MzgxMWJhZjU2YmQ5LTViNzUyYjQyLWExMWY4ZjZj [none]
[debug] [2025-06-21T09:38:00.258Z] <<< [apiv2][status] GET https://cloudfunctions.googleapis.com/v1/operations/cHJvamVjdHMvbmV3MS00YmNhNy9sb2NhdGlvbnMvdXMtY2VudHJhbDEvb3BlcmF0aW9ucy9vcGVyYXRpb24tMTc1MDQ5ODY2MjUwOS02MzgxMWJhZjU2YmQ5LTViNzUyYjQyLWExMWY4ZjZj 200
[debug] [2025-06-21T09:38:00.258Z] <<< [apiv2][body] GET https://cloudfunctions.googleapis.com/v1/operations/cHJvamVjdHMvbmV3MS00YmNhNy9sb2NhdGlvbnMvdXMtY2VudHJhbDEvb3BlcmF0aW9ucy9vcGVyYXRpb24tMTc1MDQ5ODY2MjUwOS02MzgxMWJhZjU2YmQ5LTViNzUyYjQyLWExMWY4ZjZj {"name":"operations/cHJvamVjdHMvbmV3MS00YmNhNy9sb2NhdGlvbnMvdXMtY2VudHJhbDEvb3BlcmF0aW9ucy9vcGVyYXRpb24tMTc1MDQ5ODY2MjUwOS02MzgxMWJhZjU2YmQ5LTViNzUyYjQyLWExMWY4ZjZj","metadata":{"@type":"type.googleapis.com/google.cloud.functions.v1.OperationMetadataV1","target":"projects/new1-4bca7/locations/us-central1/functions/updateOverdueLendings","type":"CREATE_FUNCTION","request":{"@type":"type.googleapis.com/google.cloud.functions.v1.CloudFunction","name":"projects/new1-4bca7/locations/us-central1/functions/updateOverdueLendings","eventTrigger":{"eventType":"google.pubsub.topic.publish","resource":"projects/new1-4bca7/topics/firebase-schedule-updateOverdueLendings-us-central1","failurePolicy":{}},"entryPoint":"updateOverdueLendings","updateTime":"1970-01-01T00:00:00Z","labels":{"deployment-tool":"cli-firebase","deployment-scheduled":"true","firebase-functions-hash":"817fb8e8a54f6ca348e77161ec10fe47855b6ccd"},"sourceUploadUrl":"https://storage.googleapis.com/uploads-649331300755.us-central1.cloudfunctions.appspot.com/6c95c81f-d021-408d-850a-dc7d11e5330d.zip?GoogleAccessId=service-961448214099@gcf-admin-robot.iam.gserviceaccount.com&Expires=1750500460&Signature=BC4TP45wa3WQbvtIZh%2FQTHbMSMZnysMTdeEfhPz4wBMS%2FSiKzLKcQQPCQlIrtk7Sx5%2BVoWXEol4BofCzgPsCWZhP3m71N56sbu719RC8E3CgyoFNdTDOilmScBgBqBoH1nSG%2B95pavLWtVGA%2B1gipFQx4z3eObz%2FGEWF5lGw%2FYJFkZD2ft318lZpwpqNO4DtaukOdiTpKp9d8MR3Z4ENOt9hSBwyiw5dnZxZrE6kehQ4BhWH2xDej9C1TilJAGiKUpnif30QcYmBIVz06l3xyyfVCL6NGrMaOb5xlGokNKDMl9bd%2FzTUuARu%2BPEihRURulcXOJ2Igga9Y6w5LR0I0w%3D%3D","environmentVariables":{"FIREBASE_CONFIG":"{\"projectId\":\"new1-4bca7\",\"storageBucket\":\"new1-4bca7.firebasestorage.app\"}","GCLOUD_PROJECT":"new1-4bca7","EVENTARC_CLOUD_EVENT_SOURCE":"projects/new1-4bca7/locations/us-central1/functions/updateOverdueLendings"},"runtime":"nodejs20","buildEnvironmentVariables":{"GOOGLE_NODE_RUN_SCRIPTS":""},"dockerRegistry":"ARTIFACT_REGISTRY"},"versionId":"1","updateTime":"2025-06-21T09:37:43.077896978Z","buildId":"1d62c3a3-102b-4db3-87e4-3924f97c7e02","buildName":"projects/961448214099/locations/us-central1/builds/1d62c3a3-102b-4db3-87e4-3924f97c7e02"}}
[debug] [2025-06-21T09:38:10.264Z] [create-default-us-central1-updateOverdueLendings] Retrying task index 0
[debug] [2025-06-21T09:38:10.265Z] Checked if tokens are valid: true, expires at: 1750501125836
[debug] [2025-06-21T09:38:10.265Z] Checked if tokens are valid: true, expires at: 1750501125836
[debug] [2025-06-21T09:38:10.265Z] >>> [apiv2][query] GET https://cloudfunctions.googleapis.com/v1/operations/cHJvamVjdHMvbmV3MS00YmNhNy9sb2NhdGlvbnMvdXMtY2VudHJhbDEvb3BlcmF0aW9ucy9vcGVyYXRpb24tMTc1MDQ5ODY2MjUwOS02MzgxMWJhZjU2YmQ5LTViNzUyYjQyLWExMWY4ZjZj [none]
[debug] [2025-06-21T09:38:10.664Z] <<< [apiv2][status] GET https://cloudfunctions.googleapis.com/v1/operations/cHJvamVjdHMvbmV3MS00YmNhNy9sb2NhdGlvbnMvdXMtY2VudHJhbDEvb3BlcmF0aW9ucy9vcGVyYXRpb24tMTc1MDQ5ODY2MjUwOS02MzgxMWJhZjU2YmQ5LTViNzUyYjQyLWExMWY4ZjZj 200
[debug] [2025-06-21T09:38:10.664Z] <<< [apiv2][body] GET https://cloudfunctions.googleapis.com/v1/operations/cHJvamVjdHMvbmV3MS00YmNhNy9sb2NhdGlvbnMvdXMtY2VudHJhbDEvb3BlcmF0aW9ucy9vcGVyYXRpb24tMTc1MDQ5ODY2MjUwOS02MzgxMWJhZjU2YmQ5LTViNzUyYjQyLWExMWY4ZjZj {"name":"operations/cHJvamVjdHMvbmV3MS00YmNhNy9sb2NhdGlvbnMvdXMtY2VudHJhbDEvb3BlcmF0aW9ucy9vcGVyYXRpb24tMTc1MDQ5ODY2MjUwOS02MzgxMWJhZjU2YmQ5LTViNzUyYjQyLWExMWY4ZjZj","metadata":{"@type":"type.googleapis.com/google.cloud.functions.v1.OperationMetadataV1","target":"projects/new1-4bca7/locations/us-central1/functions/updateOverdueLendings","type":"CREATE_FUNCTION","request":{"@type":"type.googleapis.com/google.cloud.functions.v1.CloudFunction","name":"projects/new1-4bca7/locations/us-central1/functions/updateOverdueLendings","eventTrigger":{"eventType":"google.pubsub.topic.publish","resource":"projects/new1-4bca7/topics/firebase-schedule-updateOverdueLendings-us-central1","failurePolicy":{}},"entryPoint":"updateOverdueLendings","updateTime":"1970-01-01T00:00:00Z","labels":{"deployment-tool":"cli-firebase","deployment-scheduled":"true","firebase-functions-hash":"817fb8e8a54f6ca348e77161ec10fe47855b6ccd"},"sourceUploadUrl":"https://storage.googleapis.com/uploads-649331300755.us-central1.cloudfunctions.appspot.com/6c95c81f-d021-408d-850a-dc7d11e5330d.zip?GoogleAccessId=service-961448214099@gcf-admin-robot.iam.gserviceaccount.com&Expires=1750500460&Signature=BC4TP45wa3WQbvtIZh%2FQTHbMSMZnysMTdeEfhPz4wBMS%2FSiKzLKcQQPCQlIrtk7Sx5%2BVoWXEol4BofCzgPsCWZhP3m71N56sbu719RC8E3CgyoFNdTDOilmScBgBqBoH1nSG%2B95pavLWtVGA%2B1gipFQx4z3eObz%2FGEWF5lGw%2FYJFkZD2ft318lZpwpqNO4DtaukOdiTpKp9d8MR3Z4ENOt9hSBwyiw5dnZxZrE6kehQ4BhWH2xDej9C1TilJAGiKUpnif30QcYmBIVz06l3xyyfVCL6NGrMaOb5xlGokNKDMl9bd%2FzTUuARu%2BPEihRURulcXOJ2Igga9Y6w5LR0I0w%3D%3D","environmentVariables":{"FIREBASE_CONFIG":"{\"projectId\":\"new1-4bca7\",\"storageBucket\":\"new1-4bca7.firebasestorage.app\"}","GCLOUD_PROJECT":"new1-4bca7","EVENTARC_CLOUD_EVENT_SOURCE":"projects/new1-4bca7/locations/us-central1/functions/updateOverdueLendings"},"runtime":"nodejs20","buildEnvironmentVariables":{"GOOGLE_NODE_RUN_SCRIPTS":""},"dockerRegistry":"ARTIFACT_REGISTRY"},"versionId":"1","updateTime":"2025-06-21T09:37:43.077896978Z","buildId":"1d62c3a3-102b-4db3-87e4-3924f97c7e02","buildName":"projects/961448214099/locations/us-central1/builds/1d62c3a3-102b-4db3-87e4-3924f97c7e02"}}
[debug] [2025-06-21T09:38:20.673Z] [create-default-us-central1-updateOverdueLendings] Retrying task index 0
[debug] [2025-06-21T09:38:20.673Z] Checked if tokens are valid: true, expires at: 1750501125836
[debug] [2025-06-21T09:38:20.673Z] Checked if tokens are valid: true, expires at: 1750501125836
[debug] [2025-06-21T09:38:20.673Z] >>> [apiv2][query] GET https://cloudfunctions.googleapis.com/v1/operations/cHJvamVjdHMvbmV3MS00YmNhNy9sb2NhdGlvbnMvdXMtY2VudHJhbDEvb3BlcmF0aW9ucy9vcGVyYXRpb24tMTc1MDQ5ODY2MjUwOS02MzgxMWJhZjU2YmQ5LTViNzUyYjQyLWExMWY4ZjZj [none]
[debug] [2025-06-21T09:38:21.066Z] <<< [apiv2][status] GET https://cloudfunctions.googleapis.com/v1/operations/cHJvamVjdHMvbmV3MS00YmNhNy9sb2NhdGlvbnMvdXMtY2VudHJhbDEvb3BlcmF0aW9ucy9vcGVyYXRpb24tMTc1MDQ5ODY2MjUwOS02MzgxMWJhZjU2YmQ5LTViNzUyYjQyLWExMWY4ZjZj 200
[debug] [2025-06-21T09:38:21.067Z] <<< [apiv2][body] GET https://cloudfunctions.googleapis.com/v1/operations/cHJvamVjdHMvbmV3MS00YmNhNy9sb2NhdGlvbnMvdXMtY2VudHJhbDEvb3BlcmF0aW9ucy9vcGVyYXRpb24tMTc1MDQ5ODY2MjUwOS02MzgxMWJhZjU2YmQ5LTViNzUyYjQyLWExMWY4ZjZj {"name":"operations/cHJvamVjdHMvbmV3MS00YmNhNy9sb2NhdGlvbnMvdXMtY2VudHJhbDEvb3BlcmF0aW9ucy9vcGVyYXRpb24tMTc1MDQ5ODY2MjUwOS02MzgxMWJhZjU2YmQ5LTViNzUyYjQyLWExMWY4ZjZj","metadata":{"@type":"type.googleapis.com/google.cloud.functions.v1.OperationMetadataV1","target":"projects/new1-4bca7/locations/us-central1/functions/updateOverdueLendings","type":"CREATE_FUNCTION","request":{"@type":"type.googleapis.com/google.cloud.functions.v1.CloudFunction","name":"projects/new1-4bca7/locations/us-central1/functions/updateOverdueLendings","eventTrigger":{"eventType":"google.pubsub.topic.publish","resource":"projects/new1-4bca7/topics/firebase-schedule-updateOverdueLendings-us-central1","failurePolicy":{}},"entryPoint":"updateOverdueLendings","updateTime":"1970-01-01T00:00:00Z","labels":{"deployment-tool":"cli-firebase","deployment-scheduled":"true","firebase-functions-hash":"817fb8e8a54f6ca348e77161ec10fe47855b6ccd"},"sourceUploadUrl":"https://storage.googleapis.com/uploads-649331300755.us-central1.cloudfunctions.appspot.com/6c95c81f-d021-408d-850a-dc7d11e5330d.zip?GoogleAccessId=service-961448214099@gcf-admin-robot.iam.gserviceaccount.com&Expires=1750500460&Signature=BC4TP45wa3WQbvtIZh%2FQTHbMSMZnysMTdeEfhPz4wBMS%2FSiKzLKcQQPCQlIrtk7Sx5%2BVoWXEol4BofCzgPsCWZhP3m71N56sbu719RC8E3CgyoFNdTDOilmScBgBqBoH1nSG%2B95pavLWtVGA%2B1gipFQx4z3eObz%2FGEWF5lGw%2FYJFkZD2ft318lZpwpqNO4DtaukOdiTpKp9d8MR3Z4ENOt9hSBwyiw5dnZxZrE6kehQ4BhWH2xDej9C1TilJAGiKUpnif30QcYmBIVz06l3xyyfVCL6NGrMaOb5xlGokNKDMl9bd%2FzTUuARu%2BPEihRURulcXOJ2Igga9Y6w5LR0I0w%3D%3D","environmentVariables":{"FIREBASE_CONFIG":"{\"projectId\":\"new1-4bca7\",\"storageBucket\":\"new1-4bca7.firebasestorage.app\"}","GCLOUD_PROJECT":"new1-4bca7","EVENTARC_CLOUD_EVENT_SOURCE":"projects/new1-4bca7/locations/us-central1/functions/updateOverdueLendings"},"runtime":"nodejs20","buildEnvironmentVariables":{"GOOGLE_NODE_RUN_SCRIPTS":""},"dockerRegistry":"ARTIFACT_REGISTRY"},"versionId":"1","updateTime":"2025-06-21T09:37:43.077896978Z","buildId":"1d62c3a3-102b-4db3-87e4-3924f97c7e02","buildName":"projects/961448214099/locations/us-central1/builds/1d62c3a3-102b-4db3-87e4-3924f97c7e02"}}
[debug] [2025-06-21T09:38:31.073Z] [create-default-us-central1-updateOverdueLendings] Retrying task index 0
[debug] [2025-06-21T09:38:31.074Z] Checked if tokens are valid: true, expires at: 1750501125836
[debug] [2025-06-21T09:38:31.074Z] Checked if tokens are valid: true, expires at: 1750501125836
[debug] [2025-06-21T09:38:31.074Z] >>> [apiv2][query] GET https://cloudfunctions.googleapis.com/v1/operations/cHJvamVjdHMvbmV3MS00YmNhNy9sb2NhdGlvbnMvdXMtY2VudHJhbDEvb3BlcmF0aW9ucy9vcGVyYXRpb24tMTc1MDQ5ODY2MjUwOS02MzgxMWJhZjU2YmQ5LTViNzUyYjQyLWExMWY4ZjZj [none]
[debug] [2025-06-21T09:38:31.523Z] <<< [apiv2][status] GET https://cloudfunctions.googleapis.com/v1/operations/cHJvamVjdHMvbmV3MS00YmNhNy9sb2NhdGlvbnMvdXMtY2VudHJhbDEvb3BlcmF0aW9ucy9vcGVyYXRpb24tMTc1MDQ5ODY2MjUwOS02MzgxMWJhZjU2YmQ5LTViNzUyYjQyLWExMWY4ZjZj 200
[debug] [2025-06-21T09:38:31.523Z] <<< [apiv2][body] GET https://cloudfunctions.googleapis.com/v1/operations/cHJvamVjdHMvbmV3MS00YmNhNy9sb2NhdGlvbnMvdXMtY2VudHJhbDEvb3BlcmF0aW9ucy9vcGVyYXRpb24tMTc1MDQ5ODY2MjUwOS02MzgxMWJhZjU2YmQ5LTViNzUyYjQyLWExMWY4ZjZj {"name":"operations/cHJvamVjdHMvbmV3MS00YmNhNy9sb2NhdGlvbnMvdXMtY2VudHJhbDEvb3BlcmF0aW9ucy9vcGVyYXRpb24tMTc1MDQ5ODY2MjUwOS02MzgxMWJhZjU2YmQ5LTViNzUyYjQyLWExMWY4ZjZj","metadata":{"@type":"type.googleapis.com/google.cloud.functions.v1.OperationMetadataV1","target":"projects/new1-4bca7/locations/us-central1/functions/updateOverdueLendings","type":"CREATE_FUNCTION","request":{"@type":"type.googleapis.com/google.cloud.functions.v1.CloudFunction","name":"projects/new1-4bca7/locations/us-central1/functions/updateOverdueLendings","eventTrigger":{"eventType":"google.pubsub.topic.publish","resource":"projects/new1-4bca7/topics/firebase-schedule-updateOverdueLendings-us-central1","failurePolicy":{}},"entryPoint":"updateOverdueLendings","updateTime":"1970-01-01T00:00:00Z","labels":{"deployment-tool":"cli-firebase","deployment-scheduled":"true","firebase-functions-hash":"817fb8e8a54f6ca348e77161ec10fe47855b6ccd"},"sourceUploadUrl":"https://storage.googleapis.com/uploads-649331300755.us-central1.cloudfunctions.appspot.com/6c95c81f-d021-408d-850a-dc7d11e5330d.zip?GoogleAccessId=service-961448214099@gcf-admin-robot.iam.gserviceaccount.com&Expires=1750500460&Signature=BC4TP45wa3WQbvtIZh%2FQTHbMSMZnysMTdeEfhPz4wBMS%2FSiKzLKcQQPCQlIrtk7Sx5%2BVoWXEol4BofCzgPsCWZhP3m71N56sbu719RC8E3CgyoFNdTDOilmScBgBqBoH1nSG%2B95pavLWtVGA%2B1gipFQx4z3eObz%2FGEWF5lGw%2FYJFkZD2ft318lZpwpqNO4DtaukOdiTpKp9d8MR3Z4ENOt9hSBwyiw5dnZxZrE6kehQ4BhWH2xDej9C1TilJAGiKUpnif30QcYmBIVz06l3xyyfVCL6NGrMaOb5xlGokNKDMl9bd%2FzTUuARu%2BPEihRURulcXOJ2Igga9Y6w5LR0I0w%3D%3D","environmentVariables":{"FIREBASE_CONFIG":"{\"projectId\":\"new1-4bca7\",\"storageBucket\":\"new1-4bca7.firebasestorage.app\"}","GCLOUD_PROJECT":"new1-4bca7","EVENTARC_CLOUD_EVENT_SOURCE":"projects/new1-4bca7/locations/us-central1/functions/updateOverdueLendings"},"runtime":"nodejs20","buildEnvironmentVariables":{"GOOGLE_NODE_RUN_SCRIPTS":""},"dockerRegistry":"ARTIFACT_REGISTRY"},"versionId":"1","updateTime":"2025-06-21T09:37:43.077896978Z","buildId":"1d62c3a3-102b-4db3-87e4-3924f97c7e02","buildName":"projects/961448214099/locations/us-central1/builds/1d62c3a3-102b-4db3-87e4-3924f97c7e02"}}
[debug] [2025-06-21T09:38:41.537Z] [create-default-us-central1-updateOverdueLendings] Retrying task index 0
[debug] [2025-06-21T09:38:41.538Z] Checked if tokens are valid: true, expires at: 1750501125836
[debug] [2025-06-21T09:38:41.538Z] Checked if tokens are valid: true, expires at: 1750501125836
[debug] [2025-06-21T09:38:41.538Z] >>> [apiv2][query] GET https://cloudfunctions.googleapis.com/v1/operations/cHJvamVjdHMvbmV3MS00YmNhNy9sb2NhdGlvbnMvdXMtY2VudHJhbDEvb3BlcmF0aW9ucy9vcGVyYXRpb24tMTc1MDQ5ODY2MjUwOS02MzgxMWJhZjU2YmQ5LTViNzUyYjQyLWExMWY4ZjZj [none]
[debug] [2025-06-21T09:38:42.016Z] <<< [apiv2][status] GET https://cloudfunctions.googleapis.com/v1/operations/cHJvamVjdHMvbmV3MS00YmNhNy9sb2NhdGlvbnMvdXMtY2VudHJhbDEvb3BlcmF0aW9ucy9vcGVyYXRpb24tMTc1MDQ5ODY2MjUwOS02MzgxMWJhZjU2YmQ5LTViNzUyYjQyLWExMWY4ZjZj 200
[debug] [2025-06-21T09:38:42.017Z] <<< [apiv2][body] GET https://cloudfunctions.googleapis.com/v1/operations/cHJvamVjdHMvbmV3MS00YmNhNy9sb2NhdGlvbnMvdXMtY2VudHJhbDEvb3BlcmF0aW9ucy9vcGVyYXRpb24tMTc1MDQ5ODY2MjUwOS02MzgxMWJhZjU2YmQ5LTViNzUyYjQyLWExMWY4ZjZj {"name":"operations/cHJvamVjdHMvbmV3MS00YmNhNy9sb2NhdGlvbnMvdXMtY2VudHJhbDEvb3BlcmF0aW9ucy9vcGVyYXRpb24tMTc1MDQ5ODY2MjUwOS02MzgxMWJhZjU2YmQ5LTViNzUyYjQyLWExMWY4ZjZj","metadata":{"@type":"type.googleapis.com/google.cloud.functions.v1.OperationMetadataV1","target":"projects/new1-4bca7/locations/us-central1/functions/updateOverdueLendings","type":"CREATE_FUNCTION","request":{"@type":"type.googleapis.com/google.cloud.functions.v1.CloudFunction","name":"projects/new1-4bca7/locations/us-central1/functions/updateOverdueLendings","eventTrigger":{"eventType":"google.pubsub.topic.publish","resource":"projects/new1-4bca7/topics/firebase-schedule-updateOverdueLendings-us-central1","failurePolicy":{}},"entryPoint":"updateOverdueLendings","updateTime":"1970-01-01T00:00:00Z","labels":{"deployment-tool":"cli-firebase","deployment-scheduled":"true","firebase-functions-hash":"817fb8e8a54f6ca348e77161ec10fe47855b6ccd"},"sourceUploadUrl":"https://storage.googleapis.com/uploads-649331300755.us-central1.cloudfunctions.appspot.com/6c95c81f-d021-408d-850a-dc7d11e5330d.zip?GoogleAccessId=service-961448214099@gcf-admin-robot.iam.gserviceaccount.com&Expires=1750500460&Signature=BC4TP45wa3WQbvtIZh%2FQTHbMSMZnysMTdeEfhPz4wBMS%2FSiKzLKcQQPCQlIrtk7Sx5%2BVoWXEol4BofCzgPsCWZhP3m71N56sbu719RC8E3CgyoFNdTDOilmScBgBqBoH1nSG%2B95pavLWtVGA%2B1gipFQx4z3eObz%2FGEWF5lGw%2FYJFkZD2ft318lZpwpqNO4DtaukOdiTpKp9d8MR3Z4ENOt9hSBwyiw5dnZxZrE6kehQ4BhWH2xDej9C1TilJAGiKUpnif30QcYmBIVz06l3xyyfVCL6NGrMaOb5xlGokNKDMl9bd%2FzTUuARu%2BPEihRURulcXOJ2Igga9Y6w5LR0I0w%3D%3D","environmentVariables":{"FIREBASE_CONFIG":"{\"projectId\":\"new1-4bca7\",\"storageBucket\":\"new1-4bca7.firebasestorage.app\"}","GCLOUD_PROJECT":"new1-4bca7","EVENTARC_CLOUD_EVENT_SOURCE":"projects/new1-4bca7/locations/us-central1/functions/updateOverdueLendings"},"runtime":"nodejs20","buildEnvironmentVariables":{"GOOGLE_NODE_RUN_SCRIPTS":""},"dockerRegistry":"ARTIFACT_REGISTRY"},"versionId":"1","updateTime":"2025-06-21T09:37:43.077896978Z","buildId":"1d62c3a3-102b-4db3-87e4-3924f97c7e02","buildName":"projects/961448214099/locations/us-central1/builds/1d62c3a3-102b-4db3-87e4-3924f97c7e02"}}
[debug] [2025-06-21T09:38:52.023Z] [create-default-us-central1-updateOverdueLendings] Retrying task index 0
[debug] [2025-06-21T09:38:52.023Z] Checked if tokens are valid: true, expires at: 1750501125836
[debug] [2025-06-21T09:38:52.023Z] Checked if tokens are valid: true, expires at: 1750501125836
[debug] [2025-06-21T09:38:52.023Z] >>> [apiv2][query] GET https://cloudfunctions.googleapis.com/v1/operations/cHJvamVjdHMvbmV3MS00YmNhNy9sb2NhdGlvbnMvdXMtY2VudHJhbDEvb3BlcmF0aW9ucy9vcGVyYXRpb24tMTc1MDQ5ODY2MjUwOS02MzgxMWJhZjU2YmQ5LTViNzUyYjQyLWExMWY4ZjZj [none]
[debug] [2025-06-21T09:38:52.512Z] <<< [apiv2][status] GET https://cloudfunctions.googleapis.com/v1/operations/cHJvamVjdHMvbmV3MS00YmNhNy9sb2NhdGlvbnMvdXMtY2VudHJhbDEvb3BlcmF0aW9ucy9vcGVyYXRpb24tMTc1MDQ5ODY2MjUwOS02MzgxMWJhZjU2YmQ5LTViNzUyYjQyLWExMWY4ZjZj 200
[debug] [2025-06-21T09:38:52.513Z] <<< [apiv2][body] GET https://cloudfunctions.googleapis.com/v1/operations/cHJvamVjdHMvbmV3MS00YmNhNy9sb2NhdGlvbnMvdXMtY2VudHJhbDEvb3BlcmF0aW9ucy9vcGVyYXRpb24tMTc1MDQ5ODY2MjUwOS02MzgxMWJhZjU2YmQ5LTViNzUyYjQyLWExMWY4ZjZj {"name":"operations/cHJvamVjdHMvbmV3MS00YmNhNy9sb2NhdGlvbnMvdXMtY2VudHJhbDEvb3BlcmF0aW9ucy9vcGVyYXRpb24tMTc1MDQ5ODY2MjUwOS02MzgxMWJhZjU2YmQ5LTViNzUyYjQyLWExMWY4ZjZj","metadata":{"@type":"type.googleapis.com/google.cloud.functions.v1.OperationMetadataV1","target":"projects/new1-4bca7/locations/us-central1/functions/updateOverdueLendings","type":"CREATE_FUNCTION","request":{"@type":"type.googleapis.com/google.cloud.functions.v1.CloudFunction","name":"projects/new1-4bca7/locations/us-central1/functions/updateOverdueLendings","eventTrigger":{"eventType":"google.pubsub.topic.publish","resource":"projects/new1-4bca7/topics/firebase-schedule-updateOverdueLendings-us-central1","failurePolicy":{}},"entryPoint":"updateOverdueLendings","updateTime":"1970-01-01T00:00:00Z","labels":{"deployment-tool":"cli-firebase","deployment-scheduled":"true","firebase-functions-hash":"817fb8e8a54f6ca348e77161ec10fe47855b6ccd"},"sourceUploadUrl":"https://storage.googleapis.com/uploads-649331300755.us-central1.cloudfunctions.appspot.com/6c95c81f-d021-408d-850a-dc7d11e5330d.zip?GoogleAccessId=service-961448214099@gcf-admin-robot.iam.gserviceaccount.com&Expires=1750500460&Signature=BC4TP45wa3WQbvtIZh%2FQTHbMSMZnysMTdeEfhPz4wBMS%2FSiKzLKcQQPCQlIrtk7Sx5%2BVoWXEol4BofCzgPsCWZhP3m71N56sbu719RC8E3CgyoFNdTDOilmScBgBqBoH1nSG%2B95pavLWtVGA%2B1gipFQx4z3eObz%2FGEWF5lGw%2FYJFkZD2ft318lZpwpqNO4DtaukOdiTpKp9d8MR3Z4ENOt9hSBwyiw5dnZxZrE6kehQ4BhWH2xDej9C1TilJAGiKUpnif30QcYmBIVz06l3xyyfVCL6NGrMaOb5xlGokNKDMl9bd%2FzTUuARu%2BPEihRURulcXOJ2Igga9Y6w5LR0I0w%3D%3D","environmentVariables":{"FIREBASE_CONFIG":"{\"projectId\":\"new1-4bca7\",\"storageBucket\":\"new1-4bca7.firebasestorage.app\"}","GCLOUD_PROJECT":"new1-4bca7","EVENTARC_CLOUD_EVENT_SOURCE":"projects/new1-4bca7/locations/us-central1/functions/updateOverdueLendings"},"runtime":"nodejs20","buildEnvironmentVariables":{"GOOGLE_NODE_RUN_SCRIPTS":""},"dockerRegistry":"ARTIFACT_REGISTRY"},"versionId":"1","updateTime":"2025-06-21T09:37:43.077896978Z","buildId":"1d62c3a3-102b-4db3-87e4-3924f97c7e02","sourceToken":"8b05a275-fa9a-4a30-a3ec-a1f94071f839","buildName":"projects/961448214099/locations/us-central1/builds/1d62c3a3-102b-4db3-87e4-3924f97c7e02"}}
[debug] [2025-06-21T09:38:52.513Z] Got source token 8b05a275-fa9a-4a30-a3ec-a1f94071f839 for region us-central1
[debug] [2025-06-21T09:39:02.520Z] [create-default-us-central1-updateOverdueLendings] Retrying task index 0
[debug] [2025-06-21T09:39:02.521Z] Checked if tokens are valid: true, expires at: 1750501125836
[debug] [2025-06-21T09:39:02.521Z] Checked if tokens are valid: true, expires at: 1750501125836
[debug] [2025-06-21T09:39:02.522Z] >>> [apiv2][query] GET https://cloudfunctions.googleapis.com/v1/operations/cHJvamVjdHMvbmV3MS00YmNhNy9sb2NhdGlvbnMvdXMtY2VudHJhbDEvb3BlcmF0aW9ucy9vcGVyYXRpb24tMTc1MDQ5ODY2MjUwOS02MzgxMWJhZjU2YmQ5LTViNzUyYjQyLWExMWY4ZjZj [none]
[debug] [2025-06-21T09:39:02.980Z] <<< [apiv2][status] GET https://cloudfunctions.googleapis.com/v1/operations/cHJvamVjdHMvbmV3MS00YmNhNy9sb2NhdGlvbnMvdXMtY2VudHJhbDEvb3BlcmF0aW9ucy9vcGVyYXRpb24tMTc1MDQ5ODY2MjUwOS02MzgxMWJhZjU2YmQ5LTViNzUyYjQyLWExMWY4ZjZj 200
[debug] [2025-06-21T09:39:02.980Z] <<< [apiv2][body] GET https://cloudfunctions.googleapis.com/v1/operations/cHJvamVjdHMvbmV3MS00YmNhNy9sb2NhdGlvbnMvdXMtY2VudHJhbDEvb3BlcmF0aW9ucy9vcGVyYXRpb24tMTc1MDQ5ODY2MjUwOS02MzgxMWJhZjU2YmQ5LTViNzUyYjQyLWExMWY4ZjZj {"name":"operations/cHJvamVjdHMvbmV3MS00YmNhNy9sb2NhdGlvbnMvdXMtY2VudHJhbDEvb3BlcmF0aW9ucy9vcGVyYXRpb24tMTc1MDQ5ODY2MjUwOS02MzgxMWJhZjU2YmQ5LTViNzUyYjQyLWExMWY4ZjZj","metadata":{"@type":"type.googleapis.com/google.cloud.functions.v1.OperationMetadataV1","target":"projects/new1-4bca7/locations/us-central1/functions/updateOverdueLendings","type":"CREATE_FUNCTION","request":{"@type":"type.googleapis.com/google.cloud.functions.v1.CloudFunction","name":"projects/new1-4bca7/locations/us-central1/functions/updateOverdueLendings","eventTrigger":{"eventType":"google.pubsub.topic.publish","resource":"projects/new1-4bca7/topics/firebase-schedule-updateOverdueLendings-us-central1","failurePolicy":{}},"entryPoint":"updateOverdueLendings","updateTime":"1970-01-01T00:00:00Z","labels":{"deployment-tool":"cli-firebase","deployment-scheduled":"true","firebase-functions-hash":"817fb8e8a54f6ca348e77161ec10fe47855b6ccd"},"sourceUploadUrl":"https://storage.googleapis.com/uploads-649331300755.us-central1.cloudfunctions.appspot.com/6c95c81f-d021-408d-850a-dc7d11e5330d.zip?GoogleAccessId=service-961448214099@gcf-admin-robot.iam.gserviceaccount.com&Expires=1750500460&Signature=BC4TP45wa3WQbvtIZh%2FQTHbMSMZnysMTdeEfhPz4wBMS%2FSiKzLKcQQPCQlIrtk7Sx5%2BVoWXEol4BofCzgPsCWZhP3m71N56sbu719RC8E3CgyoFNdTDOilmScBgBqBoH1nSG%2B95pavLWtVGA%2B1gipFQx4z3eObz%2FGEWF5lGw%2FYJFkZD2ft318lZpwpqNO4DtaukOdiTpKp9d8MR3Z4ENOt9hSBwyiw5dnZxZrE6kehQ4BhWH2xDej9C1TilJAGiKUpnif30QcYmBIVz06l3xyyfVCL6NGrMaOb5xlGokNKDMl9bd%2FzTUuARu%2BPEihRURulcXOJ2Igga9Y6w5LR0I0w%3D%3D","environmentVariables":{"FIREBASE_CONFIG":"{\"projectId\":\"new1-4bca7\",\"storageBucket\":\"new1-4bca7.firebasestorage.app\"}","GCLOUD_PROJECT":"new1-4bca7","EVENTARC_CLOUD_EVENT_SOURCE":"projects/new1-4bca7/locations/us-central1/functions/updateOverdueLendings"},"runtime":"nodejs20","buildEnvironmentVariables":{"GOOGLE_NODE_RUN_SCRIPTS":""},"dockerRegistry":"ARTIFACT_REGISTRY"},"versionId":"1","updateTime":"2025-06-21T09:37:43.077896978Z","buildId":"1d62c3a3-102b-4db3-87e4-3924f97c7e02","sourceToken":"8b05a275-fa9a-4a30-a3ec-a1f94071f839","buildName":"projects/961448214099/locations/us-central1/builds/1d62c3a3-102b-4db3-87e4-3924f97c7e02"}}
[debug] [2025-06-21T09:39:02.980Z] Got source token 8b05a275-fa9a-4a30-a3ec-a1f94071f839 for region us-central1
[debug] [2025-06-21T09:39:12.984Z] [create-default-us-central1-updateOverdueLendings] Retrying task index 0
[debug] [2025-06-21T09:39:12.984Z] Checked if tokens are valid: true, expires at: 1750501125836
[debug] [2025-06-21T09:39:12.984Z] Checked if tokens are valid: true, expires at: 1750501125836
[debug] [2025-06-21T09:39:12.984Z] >>> [apiv2][query] GET https://cloudfunctions.googleapis.com/v1/operations/cHJvamVjdHMvbmV3MS00YmNhNy9sb2NhdGlvbnMvdXMtY2VudHJhbDEvb3BlcmF0aW9ucy9vcGVyYXRpb24tMTc1MDQ5ODY2MjUwOS02MzgxMWJhZjU2YmQ5LTViNzUyYjQyLWExMWY4ZjZj [none]
[debug] [2025-06-21T09:39:13.380Z] <<< [apiv2][status] GET https://cloudfunctions.googleapis.com/v1/operations/cHJvamVjdHMvbmV3MS00YmNhNy9sb2NhdGlvbnMvdXMtY2VudHJhbDEvb3BlcmF0aW9ucy9vcGVyYXRpb24tMTc1MDQ5ODY2MjUwOS02MzgxMWJhZjU2YmQ5LTViNzUyYjQyLWExMWY4ZjZj 200
[debug] [2025-06-21T09:39:13.380Z] <<< [apiv2][body] GET https://cloudfunctions.googleapis.com/v1/operations/cHJvamVjdHMvbmV3MS00YmNhNy9sb2NhdGlvbnMvdXMtY2VudHJhbDEvb3BlcmF0aW9ucy9vcGVyYXRpb24tMTc1MDQ5ODY2MjUwOS02MzgxMWJhZjU2YmQ5LTViNzUyYjQyLWExMWY4ZjZj {"name":"operations/cHJvamVjdHMvbmV3MS00YmNhNy9sb2NhdGlvbnMvdXMtY2VudHJhbDEvb3BlcmF0aW9ucy9vcGVyYXRpb24tMTc1MDQ5ODY2MjUwOS02MzgxMWJhZjU2YmQ5LTViNzUyYjQyLWExMWY4ZjZj","metadata":{"@type":"type.googleapis.com/google.cloud.functions.v1.OperationMetadataV1","target":"projects/new1-4bca7/locations/us-central1/functions/updateOverdueLendings","type":"CREATE_FUNCTION","request":{"@type":"type.googleapis.com/google.cloud.functions.v1.CloudFunction","name":"projects/new1-4bca7/locations/us-central1/functions/updateOverdueLendings","eventTrigger":{"eventType":"google.pubsub.topic.publish","resource":"projects/new1-4bca7/topics/firebase-schedule-updateOverdueLendings-us-central1","failurePolicy":{}},"entryPoint":"updateOverdueLendings","updateTime":"1970-01-01T00:00:00Z","labels":{"deployment-tool":"cli-firebase","deployment-scheduled":"true","firebase-functions-hash":"817fb8e8a54f6ca348e77161ec10fe47855b6ccd"},"sourceUploadUrl":"https://storage.googleapis.com/uploads-649331300755.us-central1.cloudfunctions.appspot.com/6c95c81f-d021-408d-850a-dc7d11e5330d.zip?GoogleAccessId=service-961448214099@gcf-admin-robot.iam.gserviceaccount.com&Expires=1750500460&Signature=BC4TP45wa3WQbvtIZh%2FQTHbMSMZnysMTdeEfhPz4wBMS%2FSiKzLKcQQPCQlIrtk7Sx5%2BVoWXEol4BofCzgPsCWZhP3m71N56sbu719RC8E3CgyoFNdTDOilmScBgBqBoH1nSG%2B95pavLWtVGA%2B1gipFQx4z3eObz%2FGEWF5lGw%2FYJFkZD2ft318lZpwpqNO4DtaukOdiTpKp9d8MR3Z4ENOt9hSBwyiw5dnZxZrE6kehQ4BhWH2xDej9C1TilJAGiKUpnif30QcYmBIVz06l3xyyfVCL6NGrMaOb5xlGokNKDMl9bd%2FzTUuARu%2BPEihRURulcXOJ2Igga9Y6w5LR0I0w%3D%3D","environmentVariables":{"FIREBASE_CONFIG":"{\"projectId\":\"new1-4bca7\",\"storageBucket\":\"new1-4bca7.firebasestorage.app\"}","GCLOUD_PROJECT":"new1-4bca7","EVENTARC_CLOUD_EVENT_SOURCE":"projects/new1-4bca7/locations/us-central1/functions/updateOverdueLendings"},"runtime":"nodejs20","buildEnvironmentVariables":{"GOOGLE_NODE_RUN_SCRIPTS":""},"dockerRegistry":"ARTIFACT_REGISTRY"},"versionId":"1","updateTime":"2025-06-21T09:37:43.077896978Z","buildId":"1d62c3a3-102b-4db3-87e4-3924f97c7e02","sourceToken":"8b05a275-fa9a-4a30-a3ec-a1f94071f839","buildName":"projects/961448214099/locations/us-central1/builds/1d62c3a3-102b-4db3-87e4-3924f97c7e02"}}
[debug] [2025-06-21T09:39:13.380Z] Got source token 8b05a275-fa9a-4a30-a3ec-a1f94071f839 for region us-central1
[debug] [2025-06-21T09:39:23.386Z] [create-default-us-central1-updateOverdueLendings] Retrying task index 0
[debug] [2025-06-21T09:39:23.386Z] Checked if tokens are valid: true, expires at: 1750501125836
[debug] [2025-06-21T09:39:23.386Z] Checked if tokens are valid: true, expires at: 1750501125836
[debug] [2025-06-21T09:39:23.387Z] >>> [apiv2][query] GET https://cloudfunctions.googleapis.com/v1/operations/cHJvamVjdHMvbmV3MS00YmNhNy9sb2NhdGlvbnMvdXMtY2VudHJhbDEvb3BlcmF0aW9ucy9vcGVyYXRpb24tMTc1MDQ5ODY2MjUwOS02MzgxMWJhZjU2YmQ5LTViNzUyYjQyLWExMWY4ZjZj [none]
[debug] [2025-06-21T09:39:23.883Z] <<< [apiv2][status] GET https://cloudfunctions.googleapis.com/v1/operations/cHJvamVjdHMvbmV3MS00YmNhNy9sb2NhdGlvbnMvdXMtY2VudHJhbDEvb3BlcmF0aW9ucy9vcGVyYXRpb24tMTc1MDQ5ODY2MjUwOS02MzgxMWJhZjU2YmQ5LTViNzUyYjQyLWExMWY4ZjZj 200
[debug] [2025-06-21T09:39:23.883Z] <<< [apiv2][body] GET https://cloudfunctions.googleapis.com/v1/operations/cHJvamVjdHMvbmV3MS00YmNhNy9sb2NhdGlvbnMvdXMtY2VudHJhbDEvb3BlcmF0aW9ucy9vcGVyYXRpb24tMTc1MDQ5ODY2MjUwOS02MzgxMWJhZjU2YmQ5LTViNzUyYjQyLWExMWY4ZjZj {"name":"operations/cHJvamVjdHMvbmV3MS00YmNhNy9sb2NhdGlvbnMvdXMtY2VudHJhbDEvb3BlcmF0aW9ucy9vcGVyYXRpb24tMTc1MDQ5ODY2MjUwOS02MzgxMWJhZjU2YmQ5LTViNzUyYjQyLWExMWY4ZjZj","metadata":{"@type":"type.googleapis.com/google.cloud.functions.v1.OperationMetadataV1","target":"projects/new1-4bca7/locations/us-central1/functions/updateOverdueLendings","type":"CREATE_FUNCTION","request":{"@type":"type.googleapis.com/google.cloud.functions.v1.CloudFunction","name":"projects/new1-4bca7/locations/us-central1/functions/updateOverdueLendings","eventTrigger":{"eventType":"google.pubsub.topic.publish","resource":"projects/new1-4bca7/topics/firebase-schedule-updateOverdueLendings-us-central1","failurePolicy":{}},"entryPoint":"updateOverdueLendings","updateTime":"1970-01-01T00:00:00Z","labels":{"deployment-tool":"cli-firebase","deployment-scheduled":"true","firebase-functions-hash":"817fb8e8a54f6ca348e77161ec10fe47855b6ccd"},"sourceUploadUrl":"https://storage.googleapis.com/uploads-649331300755.us-central1.cloudfunctions.appspot.com/6c95c81f-d021-408d-850a-dc7d11e5330d.zip?GoogleAccessId=service-961448214099@gcf-admin-robot.iam.gserviceaccount.com&Expires=1750500460&Signature=BC4TP45wa3WQbvtIZh%2FQTHbMSMZnysMTdeEfhPz4wBMS%2FSiKzLKcQQPCQlIrtk7Sx5%2BVoWXEol4BofCzgPsCWZhP3m71N56sbu719RC8E3CgyoFNdTDOilmScBgBqBoH1nSG%2B95pavLWtVGA%2B1gipFQx4z3eObz%2FGEWF5lGw%2FYJFkZD2ft318lZpwpqNO4DtaukOdiTpKp9d8MR3Z4ENOt9hSBwyiw5dnZxZrE6kehQ4BhWH2xDej9C1TilJAGiKUpnif30QcYmBIVz06l3xyyfVCL6NGrMaOb5xlGokNKDMl9bd%2FzTUuARu%2BPEihRURulcXOJ2Igga9Y6w5LR0I0w%3D%3D","environmentVariables":{"FIREBASE_CONFIG":"{\"projectId\":\"new1-4bca7\",\"storageBucket\":\"new1-4bca7.firebasestorage.app\"}","GCLOUD_PROJECT":"new1-4bca7","EVENTARC_CLOUD_EVENT_SOURCE":"projects/new1-4bca7/locations/us-central1/functions/updateOverdueLendings"},"runtime":"nodejs20","buildEnvironmentVariables":{"GOOGLE_NODE_RUN_SCRIPTS":""},"dockerRegistry":"ARTIFACT_REGISTRY"},"versionId":"1","updateTime":"2025-06-21T09:39:20.058821880Z","buildId":"1d62c3a3-102b-4db3-87e4-3924f97c7e02","sourceToken":"8b05a275-fa9a-4a30-a3ec-a1f94071f839","buildName":"projects/961448214099/locations/us-central1/builds/1d62c3a3-102b-4db3-87e4-3924f97c7e02"},"done":true,"response":{"@type":"type.googleapis.com/google.cloud.functions.v1.CloudFunction","name":"projects/new1-4bca7/locations/us-central1/functions/updateOverdueLendings","eventTrigger":{"eventType":"google.pubsub.topic.publish","resource":"projects/new1-4bca7/topics/firebase-schedule-updateOverdueLendings-us-central1","service":"pubsub.googleapis.com","failurePolicy":{}},"status":"ACTIVE","entryPoint":"updateOverdueLendings","timeout":"60s","availableMemoryMb":256,"serviceAccountEmail":"new1-4bca7@appspot.gserviceaccount.com","updateTime":"2025-06-21T09:37:43.073135859Z","versionId":"1","labels":{"firebase-functions-hash":"817fb8e8a54f6ca348e77161ec10fe47855b6ccd","deployment-tool":"cli-firebase","deployment-scheduled":"true"},"sourceUploadUrl":"https://storage.googleapis.com/uploads-649331300755.us-central1.cloudfunctions.appspot.com/6c95c81f-d021-408d-850a-dc7d11e5330d.zip","environmentVariables":{"FIREBASE_CONFIG":"{\"projectId\":\"new1-4bca7\",\"storageBucket\":\"new1-4bca7.firebasestorage.app\"}","GCLOUD_PROJECT":"new1-4bca7","EVENTARC_CLOUD_EVENT_SOURCE":"projects/new1-4bca7/locations/us-central1/functions/updateOverdueLendings"},"runtime":"nodejs20","maxInstances":3000,"ingressSettings":"ALLOW_ALL","buildId":"1d62c3a3-102b-4db3-87e4-3924f97c7e02","buildEnvironmentVariables":{"GOOGLE_NODE_RUN_SCRIPTS":""},"buildName":"projects/961448214099/locations/us-central1/builds/1d62c3a3-102b-4db3-87e4-3924f97c7e02","dockerRegistry":"ARTIFACT_REGISTRY","automaticUpdatePolicy":{},"buildServiceAccount":"projects/new1-4bca7/serviceAccounts/961448214099-compute@developer.gserviceaccount.com","satisfiesPzi":true}}
[debug] [2025-06-21T09:39:23.883Z] Got source token 8b05a275-fa9a-4a30-a3ec-a1f94071f839 for region us-central1
[debug] [2025-06-21T09:39:23.884Z] Checked if tokens are valid: true, expires at: 1750501125836
[debug] [2025-06-21T09:39:23.884Z] Checked if tokens are valid: true, expires at: 1750501125836
[debug] [2025-06-21T09:39:23.884Z] >>> [apiv2][query] GET https://cloudscheduler.googleapis.com/v1/projects/new1-4bca7/locations/us-central1/jobs/firebase-schedule-updateOverdueLendings-us-central1 [none]
[debug] [2025-06-21T09:39:25.323Z] <<< [apiv2][status] GET https://cloudscheduler.googleapis.com/v1/projects/new1-4bca7/locations/us-central1/jobs/firebase-schedule-updateOverdueLendings-us-central1 404
[debug] [2025-06-21T09:39:25.323Z] <<< [apiv2][body] GET https://cloudscheduler.googleapis.com/v1/projects/new1-4bca7/locations/us-central1/jobs/firebase-schedule-updateOverdueLendings-us-central1 {"error":{"code":404,"message":"Job not found.","status":"NOT_FOUND"}}
[debug] [2025-06-21T09:39:25.323Z] Checked if tokens are valid: true, expires at: 1750501125836
[debug] [2025-06-21T09:39:25.323Z] Checked if tokens are valid: true, expires at: 1750501125836
[debug] [2025-06-21T09:39:25.323Z] >>> [apiv2][query] POST https://cloudscheduler.googleapis.com/v1/projects/new1-4bca7/locations/us-central1/jobs [none]
[debug] [2025-06-21T09:39:25.323Z] >>> [apiv2][body] POST https://cloudscheduler.googleapis.com/v1/projects/new1-4bca7/locations/us-central1/jobs {"timeZone":"America/Los_Angeles","name":"projects/new1-4bca7/locations/us-central1/jobs/firebase-schedule-updateOverdueLendings-us-central1","pubsubTarget":{"topicName":"projects/new1-4bca7/topics/firebase-schedule-updateOverdueLendings-us-central1","attributes":{"scheduled":"true"}},"schedule":"every 1 minutes","retryConfig":{"maxDoublings":null,"retryCount":null,"maxBackoffDuration":null,"minBackoffDuration":null,"maxRetryDuration":null}}
[debug] [2025-06-21T09:39:32.086Z] <<< [apiv2][status] POST https://cloudscheduler.googleapis.com/v1/projects/new1-4bca7/locations/us-central1/jobs 200
[debug] [2025-06-21T09:39:32.086Z] <<< [apiv2][body] POST https://cloudscheduler.googleapis.com/v1/projects/new1-4bca7/locations/us-central1/jobs {"name":"projects/new1-4bca7/locations/us-central1/jobs/firebase-schedule-updateOverdueLendings-us-central1","pubsubTarget":{"topicName":"projects/new1-4bca7/topics/firebase-schedule-updateOverdueLendings-us-central1","attributes":{"scheduled":"true"}},"userUpdateTime":"2025-06-21T09:39:32Z","state":"ENABLED","retryConfig":{"maxRetryDuration":"0s","minBackoffDuration":"5s","maxBackoffDuration":"3600s","maxDoublings":5},"schedule":"every 1 minutes","timeZone":"America/Los_Angeles"}
[debug] [2025-06-21T09:39:32.086Z] created scheduler job firebase-schedule-updateOverdueLendings-us-central1
[info] +  functions[updateOverdueLendings(us-central1)] Successful create operation. 
[debug] [2025-06-21T09:39:32.088Z] Total Function Deployment time: 110878
[debug] [2025-06-21T09:39:32.088Z] 1 Functions Deployed
[debug] [2025-06-21T09:39:32.088Z] 0 Functions Errored
[debug] [2025-06-21T09:39:32.088Z] 0 Function Deployments Aborted
[debug] [2025-06-21T09:39:32.088Z] Average Function Deployment time: 110876
[debug] [2025-06-21T09:39:32.089Z] Checked if tokens are valid: true, expires at: 1750501125836
[debug] [2025-06-21T09:39:32.089Z] Checked if tokens are valid: true, expires at: 1750501125836
[debug] [2025-06-21T09:39:32.089Z] >>> [apiv2][query] GET https://artifactregistry.googleapis.com/v1/projects/new1-4bca7/locations/us-central1/repositories/gcf-artifacts [none]
[debug] [2025-06-21T09:39:33.507Z] <<< [apiv2][status] GET https://artifactregistry.googleapis.com/v1/projects/new1-4bca7/locations/us-central1/repositories/gcf-artifacts 200
[debug] [2025-06-21T09:39:33.507Z] <<< [apiv2][body] GET https://artifactregistry.googleapis.com/v1/projects/new1-4bca7/locations/us-central1/repositories/gcf-artifacts {"name":"projects/new1-4bca7/locations/us-central1/repositories/gcf-artifacts","format":"DOCKER","description":"This repository is created and used by Cloud Functions for storing function docker images.","labels":{"goog-managed-by":"cloudfunctions"},"createTime":"2025-06-21T09:37:52.532234Z","updateTime":"2025-06-21T09:38:44.145773Z","mode":"STANDARD_REPOSITORY","sizeBytes":"496166298","vulnerabilityScanningConfig":{"lastEnableTime":"2025-06-21T09:37:44.953942734Z","enablementState":"SCANNING_DISABLED","enablementStateReason":"API containerscanning.googleapis.com is not enabled."},"satisfiesPzi":true,"registryUri":"us-central1-docker.pkg.dev/new1-4bca7/gcf-artifacts"}
[warn] !  functions: No cleanup policy detected for repositories in us-central1. This may result in a small monthly bill as container images accumulate over time. 
